Stopped watching directories.
Started watching directory: C:/Users/Anton/Desktop/остаток ооп/1234
Started watching directory: C:/Users/Anton/Desktop/остаток ооп/1234
Directory changed: C:/Users/Anton/Desktop/остаток ооп/1234
Directory changed: C:/Users/Anton/Desktop/остаток ооп/1234
Directory changed: C:/Users/Anton/Desktop/остаток ооп/1234
Directory changed: C:/Users/Anton/Desktop/остаток ооп/1234
Started watching directory: C:/Users/Anton/Desktop/остаток ооп/1234
Directory changed: C:/Users/Anton/Desktop/остаток ооп/1234
Directory changed: C:/Users/Anton/Desktop/остаток ооп/1234
Directory changed: C:/Users/Anton/Desktop/остаток ооп/1234
Directory changed: C:/Users/Anton/Desktop/остаток ооп/1234
Stopped watching directories.
Started watching directory: C:/Users/Anton/Desktop/остаток ооп/1234
Directory changed: C:/Users/Anton/Desktop/остаток ооп/1234
Directory changed: C:/Users/Anton/Desktop/остаток ооп/1234
Directory changed: C:/Users/Anton/Desktop/остаток ооп/1234
Stopped watching directories.
Начато наблюдение директории: C:/Users/Anton/Desktop/остаток ооп/1234
Директория изменилась: C:/Users/Anton/Desktop/остаток ооп/1234
Директория изменилась: C:/Users/Anton/Desktop/остаток ооп/1234
Наблюдение директории остановлено.
